<?xml version="1.0" encoding="UTF-8"?>

<beans xmlns="http://www.springframework.org/schema/beans"
	xmlns:tx="http://www.springframework.org/schema/tx"
	xmlns:xsi="http://www.w3.org/2001/XMLSchema-instance"
	xmlns:context="http://www.springframework.org/schema/context"
	xmlns:jdbc="http://www.springframework.org/schema/jdbc"
	xmlns:jpa="http://www.springframework.org/schema/data/jpa"
	xsi:schemaLocation="http://www.springframework.org/schema/beans http://www.springframework.org/schema/beans/spring-beans.xsd
	http://www.springframework.org/schema/tx http://www.springframework.org/schema/tx/spring-tx.xsd
                        http://www.springframework.org/schema/context http://www.springframework.org/schema/context/spring-context.xsd
                        http://www.springframework.org/schema/jdbc http://www.springframework.org/schema/jdbc/spring-jdbc-4.0.xsd
    http://www.springframework.org/schema/data/jpa
    http://www.springframework.org/schema/data/jpa/spring-jpa.xsd">



	<bean id="entityManagerFactory" autowire="byName"
		class="org.springframework.orm.jpa.LocalContainerEntityManagerFactoryBean">
		<!-- <property name="dataSource" ref="wiklimbDataSource" /> -->
		<property name="persistenceUnitName" value="wrexPersistence" />
		<property name="dataSource" ref="dataSource" />
		<property name="persistenceXmlLocation"
			value="classpath:META-INF/h2-persistence.xml" />
		<property name="jpaVendorAdapter">
			<bean
				class="org.springframework.orm.jpa.vendor.HibernateJpaVendorAdapter">
			</bean>
		</property>
	</bean>
	<context:component-scan
		base-package="org.wrex.service" />

	<jpa:repositories base-package="org.wrex.dao" />

	<bean id="transactionManager"
		class="org.springframework.orm.jpa.JpaTransactionManager">
		<property name="entityManagerFactory"
			ref="entityManagerFactory" />
	</bean>
	<!-- to get the entity manager -->
	<tx:annotation-driven
		transaction-manager="transactionManager" />

	<jdbc:embedded-database id="dataSource"
		type="H2">
		<jdbc:script location="classpath:schema.sql" />
		<jdbc:script location="classpath:data.sql" />
	</jdbc:embedded-database>
</beans>
